# JRE version: Java(TM) SE Runtime Environment (8.0_261-b12) (build 1.8.0_261-b12)
# Java VM: Java HotSpot(TM) 64-Bit Server VM (25.261-b12 mixed mode windows-amd64 compressed oops)
Heap:
 PSYoungGen      total 199680K, used 97343K [0x00000000d5b00000, 0x00000000e2d80000, 0x0000000100000000)
  eden space 188416K, 51% used [0x00000000d5b00000,0x00000000dba0fe38,0x00000000e1300000)
  from space 11264K, 0% used [0x00000000e1e80000,0x00000000e1e80000,0x00000000e2980000)
  to   space 11776K, 0% used [0x00000000e1300000,0x00000000e1300000,0x00000000e1e80000)
 ParOldGen       total 83456K, used 19739K [0x0000000081000000, 0x0000000086180000, 0x00000000d5b00000)
  object space 83456K, 23% used [0x0000000081000000,0x0000000082346d98,0x0000000086180000)
 Metaspace       used 35730K, capacity 36252K, committed 36608K, reserved 1081344K
  class space    used 4404K, capacity 4539K, committed 4608K, reserved 1048576K
GC Heap History (10 events):
Event: 4.993 GC heap before
{Heap before GC invocations=10 (full 1):
 PSYoungGen      total 143360K, used 138899K [0x00000000d5b00000, 0x00000000df200000, 0x0000000100000000)
  eden space 133120K, 100% used [0x00000000d5b00000,0x00000000ddd00000,0x00000000ddd00000)
  from space 10240K, 56% used [0x00000000de800000,0x00000000deda4eb8,0x00000000df200000)
  to   space 10752K, 0% used [0x00000000ddd00000,0x00000000ddd00000,0x00000000de780000)
 ParOldGen       total 56832K, used 9985K [0x0000000081000000, 0x0000000084780000, 0x00000000d5b00000)
  object space 56832K, 17% used [0x0000000081000000,0x00000000819c07c0,0x0000000084780000)
 Metaspace       used 29135K, capacity 29596K, committed 29696K, reserved 1075200K
  class space    used 3656K, capacity 3787K, committed 3840K, reserved 1048576K
Event: 5.003 GC heap after
Heap after GC invocations=10 (full 1):
 PSYoungGen      total 143872K, used 10541K [0x00000000d5b00000, 0x00000000e2980000, 0x0000000100000000)
  eden space 133120K, 0% used [0x00000000d5b00000,0x00000000d5b00000,0x00000000ddd00000)
  from space 10752K, 98% used [0x00000000ddd00000,0x00000000de74b668,0x00000000de780000)
  to   space 11264K, 0% used [0x00000000e1e80000,0x00000000e1e80000,0x00000000e2980000)
 ParOldGen       total 56832K, used 9993K [0x0000000081000000, 0x0000000084780000, 0x00000000d5b00000)
  object space 56832K, 17% used [0x0000000081000000,0x00000000819c27c0,0x0000000084780000)
 Metaspace       used 29135K, capacity 29596K, committed 29696K, reserved 1075200K
  class space    used 3656K, capacity 3787K, committed 3840K, reserved 1048576K
}
Event: 5.661 GC heap before
{Heap before GC invocations=11 (full 1):
 PSYoungGen      total 143872K, used 143661K [0x00000000d5b00000, 0x00000000e2980000, 0x0000000100000000)
  eden space 133120K, 100% used [0x00000000d5b00000,0x00000000ddd00000,0x00000000ddd00000)
  from space 10752K, 98% used [0x00000000ddd00000,0x00000000de74b668,0x00000000de780000)
  to   space 11264K, 0% used [0x00000000e1e80000,0x00000000e1e80000,0x00000000e2980000)
 ParOldGen       total 56832K, used 9993K [0x0000000081000000, 0x0000000084780000, 0x00000000d5b00000)
  object space 56832K, 17% used [0x0000000081000000,0x00000000819c27c0,0x0000000084780000)
 Metaspace       used 32419K, capacity 32932K, committed 33152K, reserved 1079296K
  class space    used 4053K, capacity 4183K, committed 4224K, reserved 1048576K
Event: 5.702 GC heap after
Heap after GC invocations=11 (full 1):
 PSYoungGen      total 199680K, used 8720K [0x00000000d5b00000, 0x00000000e2d80000, 0x0000000100000000)
  eden space 188416K, 0% used [0x00000000d5b00000,0x00000000d5b00000,0x00000000e1300000)
  from space 11264K, 77% used [0x00000000e1e80000,0x00000000e27042c8,0x00000000e2980000)
  to   space 11776K, 0% used [0x00000000e1300000,0x00000000e1300000,0x00000000e1e80000)
 ParOldGen       total 56832K, used 14180K [0x0000000081000000, 0x0000000084780000, 0x00000000d5b00000)
  object space 56832K, 24% used [0x0000000081000000,0x0000000081dd92e8,0x0000000084780000)
 Metaspace       used 32419K, capacity 32932K, committed 33152K, reserved 1079296K
  class space    used 4053K, capacity 4183K, committed 4224K, reserved 1048576K
}
Event: 6.976 GC heap before
{Heap before GC invocations=12 (full 1):
 PSYoungGen      total 199680K, used 197136K [0x00000000d5b00000, 0x00000000e2d80000, 0x0000000100000000)
  eden space 188416K, 100% used [0x00000000d5b00000,0x00000000e1300000,0x00000000e1300000)
  from space 11264K, 77% used [0x00000000e1e80000,0x00000000e27042c8,0x00000000e2980000)
  to   space 11776K, 0% used [0x00000000e1300000,0x00000000e1300000,0x00000000e1e80000)
 ParOldGen       total 56832K, used 14180K [0x0000000081000000, 0x0000000084780000, 0x00000000d5b00000)
  object space 56832K, 24% used [0x0000000081000000,0x0000000081dd92e8,0x0000000084780000)
 Metaspace       used 34505K, capacity 34922K, committed 35200K, reserved 1079296K
  class space    used 4271K, capacity 4376K, committed 4480K, reserved 1048576K
Event: 6.991 GC heap after
Heap after GC invocations=12 (full 1):
 PSYoungGen      total 200192K, used 11748K [0x00000000d5b00000, 0x00000000e2d80000, 0x0000000100000000)
  eden space 188416K, 0% used [0x00000000d5b00000,0x00000000d5b00000,0x00000000e1300000)
  from space 11776K, 99% used [0x00000000e1300000,0x00000000e1e791a0,0x00000000e1e80000)
  to   space 11264K, 0% used [0x00000000e1e80000,0x00000000e1e80000,0x00000000e2980000)
 ParOldGen       total 56832K, used 20347K [0x0000000081000000, 0x0000000084780000, 0x00000000d5b00000)
  object space 56832K, 35% used [0x0000000081000000,0x00000000823dee18,0x0000000084780000)
 Metaspace       used 34505K, capacity 34922K, committed 35200K, reserved 1079296K
  class space    used 4271K, capacity 4376K, committed 4480K, reserved 1048576K
}
Event: 8.534 GC heap before
{Heap before GC invocations=13 (full 1):
 PSYoungGen      total 200192K, used 20117K [0x00000000d5b00000, 0x00000000e2d80000, 0x0000000100000000)
  eden space 188416K, 4% used [0x00000000d5b00000,0x00000000d632c548,0x00000000e1300000)
  from space 11776K, 99% used [0x00000000e1300000,0x00000000e1e791a0,0x00000000e1e80000)
  to   space 11264K, 0% used [0x00000000e1e80000,0x00000000e1e80000,0x00000000e2980000)
 ParOldGen       total 56832K, used 20347K [0x0000000081000000, 0x0000000084780000, 0x00000000d5b00000)
  object space 56832K, 35% used [0x0000000081000000,0x00000000823dee18,0x0000000084780000)
 Metaspace       used 34852K, capacity 35306K, committed 35456K, reserved 1081344K
  class space    used 4315K, capacity 4440K, committed 4480K, reserved 1048576K
Event: 8.537 GC heap after
Heap after GC invocations=13 (full 1):
 PSYoungGen      total 199680K, used 809K [0x00000000d5b00000, 0x00000000e2d80000, 0x0000000100000000)
  eden space 188416K, 0% used [0x00000000d5b00000,0x00000000d5b00000,0x00000000e1300000)
  from space 11264K, 7% used [0x00000000e1e80000,0x00000000e1f4a490,0x00000000e2980000)
  to   space 11776K, 0% used [0x00000000e1300000,0x00000000e1300000,0x00000000e1e80000)
 ParOldGen       total 56832K, used 22127K [0x0000000081000000, 0x0000000084780000, 0x00000000d5b00000)
  object space 56832K, 38% used [0x0000000081000000,0x000000008259be48,0x0000000084780000)
 Metaspace       used 34852K, capacity 35306K, committed 35456K, reserved 1081344K
  class space    used 4315K, capacity 4440K, committed 4480K, reserved 1048576K
}
Event: 8.537 GC heap before
{Heap before GC invocations=14 (full 2):
 PSYoungGen      total 199680K, used 809K [0x00000000d5b00000, 0x00000000e2d80000, 0x0000000100000000)
  eden space 188416K, 0% used [0x00000000d5b00000,0x00000000d5b00000,0x00000000e1300000)
  from space 11264K, 7% used [0x00000000e1e80000,0x00000000e1f4a490,0x00000000e2980000)
  to   space 11776K, 0% used [0x00000000e1300000,0x00000000e1300000,0x00000000e1e80000)
 ParOldGen       total 56832K, used 22127K [0x0000000081000000, 0x0000000084780000, 0x00000000d5b00000)
  object space 56832K, 38% used [0x0000000081000000,0x000000008259be48,0x0000000084780000)
 Metaspace       used 34852K, capacity 35306K, committed 35456K, reserved 1081344K
  class space    used 4315K, capacity 4440K, committed 4480K, reserved 1048576K
Event: 8.625 GC heap after
Heap after GC invocations=14 (full 2):
 PSYoungGen      total 199680K, used 0K [0x00000000d5b00000, 0x00000000e2d80000, 0x0000000100000000)
  eden space 188416K, 0% used [0x00000000d5b00000,0x00000000d5b00000,0x00000000e1300000)
  from space 11264K, 0% used [0x00000000e1e80000,0x00000000e1e80000,0x00000000e2980000)
  to   space 11776K, 0% used [0x00000000e1300000,0x00000000e1300000,0x00000000e1e80000)
 ParOldGen       total 83456K, used 19739K [0x0000000081000000, 0x0000000086180000, 0x00000000d5b00000)
  object space 83456K, 23% used [0x0000000081000000,0x0000000082346d98,0x0000000086180000)
 Metaspace       used 34852K, capacity 35306K, committed 35456K, reserved 1081344K
  class space    used 4315K, capacity 4440K, committed 4480K, reserved 1048576K
}

