# JRE version: Java(TM) SE Runtime Environment (8.0_261-b12) (build 1.8.0_261-b12)
# Java VM: Java HotSpot(TM) 64-Bit Server VM (25.261-b12 mixed mode windows-amd64 compressed oops)
Heap:
 PSYoungGen      total 592896K, used 323416K [0x00000000d5b00000, 0x0000000100000000, 0x0000000100000000)
  eden space 556544K, 53% used [0x00000000d5b00000,0x00000000e7e80e30,0x00000000f7a80000)
  from space 36352K, 68% used [0x00000000f7a80000,0x00000000f92d5428,0x00000000f9e00000)
  to   space 37376K, 0% used [0x00000000fdb80000,0x00000000fdb80000,0x0000000100000000)
 ParOldGen       total 92160K, used 69228K [0x0000000081000000, 0x0000000086a00000, 0x00000000d5b00000)
  object space 92160K, 75% used [0x0000000081000000,0x000000008539b070,0x0000000086a00000)
 Metaspace       used 49917K, capacity 50858K, committed 51112K, reserved 1093632K
  class space    used 6220K, capacity 6445K, committed 6568K, reserved 1048576K
GC Heap History (10 events):
Event: 9.850 GC heap before
{Heap before GC invocations=15 (full 2):
 PSYoungGen      total 414720K, used 414719K [0x00000000d5b00000, 0x00000000f1580000, 0x0000000100000000)
  eden space 394752K, 100% used [0x00000000d5b00000,0x00000000edc80000,0x00000000edc80000)
  from space 19968K, 99% used [0x00000000ef580000,0x00000000f08fff88,0x00000000f0900000)
  to   space 25600K, 0% used [0x00000000edc80000,0x00000000edc80000,0x00000000ef580000)
 ParOldGen       total 92160K, used 42306K [0x0000000081000000, 0x0000000086a00000, 0x00000000d5b00000)
  object space 92160K, 45% used [0x0000000081000000,0x0000000083950930,0x0000000086a00000)
 Metaspace       used 44686K, capacity 45562K, committed 45736K, reserved 1089536K
  class space    used 5514K, capacity 5739K, committed 5800K, reserved 1048576K
Event: 10.064 GC heap after
Heap after GC invocations=15 (full 2):
 PSYoungGen      total 420352K, used 25530K [0x00000000d5b00000, 0x00000000f1580000, 0x0000000100000000)
  eden space 394752K, 0% used [0x00000000d5b00000,0x00000000d5b00000,0x00000000edc80000)
  from space 25600K, 99% used [0x00000000edc80000,0x00000000ef56eab0,0x00000000ef580000)
  to   space 19968K, 0% used [0x00000000ef580000,0x00000000ef580000,0x00000000f0900000)
 ParOldGen       total 92160K, used 43498K [0x0000000081000000, 0x0000000086a00000, 0x00000000d5b00000)
  object space 92160K, 47% used [0x0000000081000000,0x0000000083a7a980,0x0000000086a00000)
 Metaspace       used 44686K, capacity 45562K, committed 45736K, reserved 1089536K
  class space    used 5514K, capacity 5739K, committed 5800K, reserved 1048576K
}
Event: 14.247 GC heap before
{Heap before GC invocations=16 (full 2):
 PSYoungGen      total 420352K, used 420282K [0x00000000d5b00000, 0x00000000f1580000, 0x0000000100000000)
  eden space 394752K, 100% used [0x00000000d5b00000,0x00000000edc80000,0x00000000edc80000)
  from space 25600K, 99% used [0x00000000edc80000,0x00000000ef56eab0,0x00000000ef580000)
  to   space 19968K, 0% used [0x00000000ef580000,0x00000000ef580000,0x00000000f0900000)
 ParOldGen       total 92160K, used 43498K [0x0000000081000000, 0x0000000086a00000, 0x00000000d5b00000)
  object space 92160K, 47% used [0x0000000081000000,0x0000000083a7a980,0x0000000086a00000)
 Metaspace       used 46416K, capacity 47236K, committed 47528K, reserved 1091584K
  class space    used 5785K, capacity 5970K, committed 6056K, reserved 1048576K
Event: 14.409 GC heap after
Heap after GC invocations=16 (full 2):
 PSYoungGen      total 402944K, used 19958K [0x00000000d5b00000, 0x00000000fcd80000, 0x0000000100000000)
  eden space 382976K, 0% used [0x00000000d5b00000,0x00000000d5b00000,0x00000000ed100000)
  from space 19968K, 99% used [0x00000000ef580000,0x00000000f08fd800,0x00000000f0900000)
  to   space 37376K, 0% used [0x00000000ed100000,0x00000000ed100000,0x00000000ef580000)
 ParOldGen       total 92160K, used 61092K [0x0000000081000000, 0x0000000086a00000, 0x00000000d5b00000)
  object space 92160K, 66% used [0x0000000081000000,0x0000000084ba91e8,0x0000000086a00000)
 Metaspace       used 46416K, capacity 47236K, committed 47528K, reserved 1091584K
  class space    used 5785K, capacity 5970K, committed 6056K, reserved 1048576K
}
Event: 17.413 GC heap before
{Heap before GC invocations=17 (full 2):
 PSYoungGen      total 402944K, used 402934K [0x00000000d5b00000, 0x00000000fcd80000, 0x0000000100000000)
  eden space 382976K, 100% used [0x00000000d5b00000,0x00000000ed100000,0x00000000ed100000)
  from space 19968K, 99% used [0x00000000ef580000,0x00000000f08fd800,0x00000000f0900000)
  to   space 37376K, 0% used [0x00000000ed100000,0x00000000ed100000,0x00000000ef580000)
 ParOldGen       total 92160K, used 61092K [0x0000000081000000, 0x0000000086a00000, 0x00000000d5b00000)
  object space 92160K, 66% used [0x0000000081000000,0x0000000084ba91e8,0x0000000086a00000)
 Metaspace       used 47098K, capacity 47908K, committed 48168K, reserved 1091584K
  class space    used 5860K, capacity 6066K, committed 6184K, reserved 1048576K
Event: 17.597 GC heap after
Heap after GC invocations=17 (full 2):
 PSYoungGen      total 420352K, used 17723K [0x00000000d5b00000, 0x00000000fc100000, 0x0000000100000000)
  eden space 382976K, 0% used [0x00000000d5b00000,0x00000000d5b00000,0x00000000ed100000)
  from space 37376K, 47% used [0x00000000ed100000,0x00000000ee24ed08,0x00000000ef580000)
  to   space 35840K, 0% used [0x00000000f9e00000,0x00000000f9e00000,0x00000000fc100000)
 ParOldGen       total 92160K, used 65332K [0x0000000081000000, 0x0000000086a00000, 0x00000000d5b00000)
  object space 92160K, 70% used [0x0000000081000000,0x0000000084fcd218,0x0000000086a00000)
 Metaspace       used 47098K, capacity 47908K, committed 48168K, reserved 1091584K
  class space    used 5860K, capacity 6066K, committed 6184K, reserved 1048576K
}
Event: 20.615 GC heap before
{Heap before GC invocations=18 (full 2):
 PSYoungGen      total 420352K, used 400699K [0x00000000d5b00000, 0x00000000fc100000, 0x0000000100000000)
  eden space 382976K, 100% used [0x00000000d5b00000,0x00000000ed100000,0x00000000ed100000)
  from space 37376K, 47% used [0x00000000ed100000,0x00000000ee24ed08,0x00000000ef580000)
  to   space 35840K, 0% used [0x00000000f9e00000,0x00000000f9e00000,0x00000000fc100000)
 ParOldGen       total 92160K, used 65332K [0x0000000081000000, 0x0000000086a00000, 0x00000000d5b00000)
  object space 92160K, 70% used [0x0000000081000000,0x0000000084fcd218,0x0000000086a00000)
 Metaspace       used 47924K, capacity 48790K, committed 48936K, reserved 1091584K
  class space    used 5956K, capacity 6165K, committed 6184K, reserved 1048576K
Event: 20.779 GC heap after
Heap after GC invocations=18 (full 2):
 PSYoungGen      total 592384K, used 21598K [0x00000000d5b00000, 0x00000000fc480000, 0x0000000100000000)
  eden space 556544K, 0% used [0x00000000d5b00000,0x00000000d5b00000,0x00000000f7a80000)
  from space 35840K, 60% used [0x00000000f9e00000,0x00000000fb3178e8,0x00000000fc100000)
  to   space 36352K, 0% used [0x00000000f7a80000,0x00000000f7a80000,0x00000000f9e00000)
 ParOldGen       total 92160K, used 66971K [0x0000000081000000, 0x0000000086a00000, 0x00000000d5b00000)
  object space 92160K, 72% used [0x0000000081000000,0x0000000085166df8,0x0000000086a00000)
 Metaspace       used 47924K, capacity 48790K, committed 48936K, reserved 1091584K
  class space    used 5956K, capacity 6165K, committed 6184K, reserved 1048576K
}
Event: 24.968 GC heap before
{Heap before GC invocations=19 (full 2):
 PSYoungGen      total 592384K, used 578142K [0x00000000d5b00000, 0x00000000fc480000, 0x0000000100000000)
  eden space 556544K, 100% used [0x00000000d5b00000,0x00000000f7a80000,0x00000000f7a80000)
  from space 35840K, 60% used [0x00000000f9e00000,0x00000000fb3178e8,0x00000000fc100000)
  to   space 36352K, 0% used [0x00000000f7a80000,0x00000000f7a80000,0x00000000f9e00000)
 ParOldGen       total 92160K, used 66971K [0x0000000081000000, 0x0000000086a00000, 0x00000000d5b00000)
  object space 92160K, 72% used [0x0000000081000000,0x0000000085166df8,0x0000000086a00000)
 Metaspace       used 49582K, capacity 50438K, committed 50728K, reserved 1093632K
  class space    used 6177K, capacity 6391K, committed 6440K, reserved 1048576K
Event: 25.231 GC heap after
Heap after GC invocations=19 (full 2):
 PSYoungGen      total 592896K, used 24917K [0x00000000d5b00000, 0x0000000100000000, 0x0000000100000000)
  eden space 556544K, 0% used [0x00000000d5b00000,0x00000000d5b00000,0x00000000f7a80000)
  from space 36352K, 68% used [0x00000000f7a80000,0x00000000f92d5428,0x00000000f9e00000)
  to   space 37376K, 0% used [0x00000000fdb80000,0x00000000fdb80000,0x0000000100000000)
 ParOldGen       total 92160K, used 69228K [0x0000000081000000, 0x0000000086a00000, 0x00000000d5b00000)
  object space 92160K, 75% used [0x0000000081000000,0x000000008539b070,0x0000000086a00000)
 Metaspace       used 49582K, capacity 50438K, committed 50728K, reserved 1093632K
  class space    used 6177K, capacity 6391K, committed 6440K, reserved 1048576K
}

